This file contains any messages produced by compilers while
running configure, to aid debugging if configure makes a mistake.

It was created by sshpass configure 1.05, which was
generated by GNU Autoconf 2.67.  Invocation command line was

  $ ./configure --build=x86_64-apple-darwin13.0.0 --host=armv7-apple-darwin13.0.0 CFLAGS=-arch armv7 -O2 -Wall -isysroot /Applications/Xcode.app/Contents/Developer/Platforms/iPhoneOS.platform/Developer/SDKs/iPhoneOS.sdk -I/opt/theos/include -miphoneos-version-min=4.0 LDFLAGS=-arch armv7 -miphoneos-version-min=4.0

## --------- ##
## Platform. ##
## --------- ##

hostname = ZhengMac.local
uname -m = x86_64
uname -r = 15.3.0
uname -s = Darwin
uname -v = Darwin Kernel Version 15.3.0: Thu Dec 10 18:20:09 PST 2015; root:xnu-3248.30.4~2/RELEASE_X86_64

/usr/bin/uname -p = i386
/bin/uname -X     = unknown

/bin/arch              = unknown
/usr/bin/arch -k       = unknown
/usr/convex/getsysinfo = unknown
/usr/bin/hostinfo      = Mach kernel version:
	 Darwin Kernel Version 15.3.0: Thu Dec 10 18:20:09 PST 2015; root:xnu-3248.30.4~2/RELEASE_X86_64
Kernel configured for up to 8 processors.
4 processors are physically available.
8 processors are logically available.
Processor type: x86_64h (Intel x86-64h Haswell)
Processors active: 0 1 2 3 4 5 6 7
Primary memory available: 16.00 gigabytes
Default processor set: 314 tasks, 1487 threads, 8 processors
Load average: 1.65, Mach factor: 6.34
/bin/machine           = unknown
/usr/bin/oslevel       = unknown
/bin/universe          = unknown

PATH: /Users/Zheng/bin
PATH: /usr/local/bin
PATH: /opt/iOSOpenDev/bin
PATH: /opt/local/bin
PATH: /opt/local/sbin
PATH: /opt/local/bin
PATH: /usr/local/homebrew/bin
PATH: /Users/Zheng/.ruby/bin
PATH: /usr/local/bin
PATH: /usr/bin
PATH: /bin
PATH: /usr/sbin
PATH: /sbin
PATH: /opt/X11/bin
PATH: /Applications/Server.app/Contents/ServerRoot/usr/bin
PATH: /Applications/Server.app/Contents/ServerRoot/usr/sbin
PATH: /etc/alternatives/gem-bin


## ----------- ##
## Core tests. ##
## ----------- ##

configure:2203: checking for a BSD-compatible install
configure:2271: result: /opt/local/bin/ginstall -c
configure:2282: checking whether build environment is sane
configure:2332: result: yes
configure:2381: checking for armv7-apple-darwin13.0.0-strip
configure:2411: result: no
configure:2421: checking for strip
configure:2437: found /usr/bin/strip
configure:2448: result: strip
configure:2460: WARNING: using cross tools not prefixed with host triplet
configure:2473: checking for a thread-safe mkdir -p
configure:2512: result: /opt/local/bin/gmkdir -p
configure:2525: checking for gawk
configure:2541: found /opt/local/bin/gawk
configure:2552: result: gawk
configure:2563: checking whether make sets $(MAKE)
configure:2585: result: yes
configure:2680: checking for style of include used by make
configure:2708: result: GNU
configure:2738: checking for armv7-apple-darwin13.0.0-gcc
configure:2768: result: no
configure:2778: checking for gcc
configure:2794: found /usr/bin/gcc
configure:2805: result: gcc
configure:3034: checking for C compiler version
configure:3043: gcc --version >&5
Apple LLVM version 7.0.2 (clang-700.1.81)
Target: x86_64-apple-darwin15.3.0
Thread model: posix
Configured with: --prefix=/Applications/Xcode.app/Contents/Developer/usr --with-gxx-include-dir=/usr/include/c++/4.2.1
configure:3054: $? = 0
configure:3043: gcc -v >&5
Configured with: --prefix=/Applications/Xcode.app/Contents/Developer/usr --with-gxx-include-dir=/usr/include/c++/4.2.1
Apple LLVM version 7.0.2 (clang-700.1.81)
Target: x86_64-apple-darwin15.3.0
Thread model: posix
configure:3054: $? = 0
configure:3043: gcc -V >&5
clang: error: argument to '-V' is missing (expected 1 value)
clang: error: no input files
configure:3054: $? = 1
configure:3043: gcc -qversion >&5
clang: error: unknown argument: '-qversion'
clang: error: no input files
configure:3054: $? = 1
configure:3074: checking whether the C compiler works
configure:3096: gcc -arch armv7 -O2 -Wall -isysroot /Applications/Xcode.app/Contents/Developer/Platforms/iPhoneOS.platform/Developer/SDKs/iPhoneOS.sdk -I/opt/theos/include -miphoneos-version-min=4.0  -arch armv7 -miphoneos-version-min=4.0 conftest.c  >&5
configure:3100: $? = 0
configure:3148: result: yes
configure:3151: checking for C compiler default output file name
configure:3153: result: a.out
configure:3159: checking for suffix of executables
configure:3166: gcc -o conftest -arch armv7 -O2 -Wall -isysroot /Applications/Xcode.app/Contents/Developer/Platforms/iPhoneOS.platform/Developer/SDKs/iPhoneOS.sdk -I/opt/theos/include -miphoneos-version-min=4.0  -arch armv7 -miphoneos-version-min=4.0 conftest.c  >&5
configure:3170: $? = 0
configure:3192: result: 
configure:3214: checking whether we are cross compiling
configure:3252: result: yes
configure:3257: checking for suffix of object files
configure:3279: gcc -c -arch armv7 -O2 -Wall -isysroot /Applications/Xcode.app/Contents/Developer/Platforms/iPhoneOS.platform/Developer/SDKs/iPhoneOS.sdk -I/opt/theos/include -miphoneos-version-min=4.0  conftest.c >&5
configure:3283: $? = 0
configure:3304: result: o
configure:3308: checking whether we are using the GNU C compiler
configure:3327: gcc -c -arch armv7 -O2 -Wall -isysroot /Applications/Xcode.app/Contents/Developer/Platforms/iPhoneOS.platform/Developer/SDKs/iPhoneOS.sdk -I/opt/theos/include -miphoneos-version-min=4.0  conftest.c >&5
configure:3327: $? = 0
configure:3336: result: yes
configure:3345: checking whether gcc accepts -g
configure:3365: gcc -c -g  conftest.c >&5
configure:3365: $? = 0
configure:3406: result: yes
configure:3423: checking for gcc option to accept ISO C89
configure:3487: gcc  -c -arch armv7 -O2 -Wall -isysroot /Applications/Xcode.app/Contents/Developer/Platforms/iPhoneOS.platform/Developer/SDKs/iPhoneOS.sdk -I/opt/theos/include -miphoneos-version-min=4.0  conftest.c >&5
configure:3487: $? = 0
configure:3500: result: none needed
configure:3522: checking dependency style of gcc
configure:3632: result: gcc3
configure:3653: checking how to run the C preprocessor
configure:3684: gcc -E  conftest.c
configure:3684: $? = 0
configure:3698: gcc -E  conftest.c
conftest.c:11:10: fatal error: 'ac_nonexistent.h' file not found
#include <ac_nonexistent.h>
         ^
1 error generated.
configure:3698: $? = 1
configure: failed program was:
| /* confdefs.h */
| #define PACKAGE_NAME "sshpass"
| #define PACKAGE_TARNAME "sshpass"
| #define PACKAGE_VERSION "1.05"
| #define PACKAGE_STRING "sshpass 1.05"
| #define PACKAGE_BUGREPORT ""
| #define PACKAGE_URL ""
| #define PACKAGE "sshpass"
| #define VERSION "1.05"
| /* end confdefs.h.  */
| #include <ac_nonexistent.h>
configure:3723: result: gcc -E
configure:3743: gcc -E  conftest.c
configure:3743: $? = 0
configure:3757: gcc -E  conftest.c
conftest.c:11:10: fatal error: 'ac_nonexistent.h' file not found
#include <ac_nonexistent.h>
         ^
1 error generated.
configure:3757: $? = 1
configure: failed program was:
| /* confdefs.h */
| #define PACKAGE_NAME "sshpass"
| #define PACKAGE_TARNAME "sshpass"
| #define PACKAGE_VERSION "1.05"
| #define PACKAGE_STRING "sshpass 1.05"
| #define PACKAGE_BUGREPORT ""
| #define PACKAGE_URL ""
| #define PACKAGE "sshpass"
| #define VERSION "1.05"
| /* end confdefs.h.  */
| #include <ac_nonexistent.h>
configure:3786: checking for grep that handles long lines and -e
configure:3844: result: /usr/bin/grep
configure:3849: checking for egrep
configure:3911: result: /usr/bin/grep -E
configure:3916: checking for ANSI C header files
configure:3936: gcc -c -arch armv7 -O2 -Wall -isysroot /Applications/Xcode.app/Contents/Developer/Platforms/iPhoneOS.platform/Developer/SDKs/iPhoneOS.sdk -I/opt/theos/include -miphoneos-version-min=4.0  conftest.c >&5
configure:3936: $? = 0
configure:4020: result: yes
configure:4033: checking for sys/types.h
configure:4033: gcc -c -arch armv7 -O2 -Wall -isysroot /Applications/Xcode.app/Contents/Developer/Platforms/iPhoneOS.platform/Developer/SDKs/iPhoneOS.sdk -I/opt/theos/include -miphoneos-version-min=4.0  conftest.c >&5
configure:4033: $? = 0
configure:4033: result: yes
configure:4033: checking for sys/stat.h
configure:4033: gcc -c -arch armv7 -O2 -Wall -isysroot /Applications/Xcode.app/Contents/Developer/Platforms/iPhoneOS.platform/Developer/SDKs/iPhoneOS.sdk -I/opt/theos/include -miphoneos-version-min=4.0  conftest.c >&5
configure:4033: $? = 0
configure:4033: result: yes
configure:4033: checking for stdlib.h
configure:4033: gcc -c -arch armv7 -O2 -Wall -isysroot /Applications/Xcode.app/Contents/Developer/Platforms/iPhoneOS.platform/Developer/SDKs/iPhoneOS.sdk -I/opt/theos/include -miphoneos-version-min=4.0  conftest.c >&5
configure:4033: $? = 0
configure:4033: result: yes
configure:4033: checking for string.h
configure:4033: gcc -c -arch armv7 -O2 -Wall -isysroot /Applications/Xcode.app/Contents/Developer/Platforms/iPhoneOS.platform/Developer/SDKs/iPhoneOS.sdk -I/opt/theos/include -miphoneos-version-min=4.0  conftest.c >&5
configure:4033: $? = 0
configure:4033: result: yes
configure:4033: checking for memory.h
configure:4033: gcc -c -arch armv7 -O2 -Wall -isysroot /Applications/Xcode.app/Contents/Developer/Platforms/iPhoneOS.platform/Developer/SDKs/iPhoneOS.sdk -I/opt/theos/include -miphoneos-version-min=4.0  conftest.c >&5
configure:4033: $? = 0
configure:4033: result: yes
configure:4033: checking for strings.h
configure:4033: gcc -c -arch armv7 -O2 -Wall -isysroot /Applications/Xcode.app/Contents/Developer/Platforms/iPhoneOS.platform/Developer/SDKs/iPhoneOS.sdk -I/opt/theos/include -miphoneos-version-min=4.0  conftest.c >&5
configure:4033: $? = 0
configure:4033: result: yes
configure:4033: checking for inttypes.h
configure:4033: gcc -c -arch armv7 -O2 -Wall -isysroot /Applications/Xcode.app/Contents/Developer/Platforms/iPhoneOS.platform/Developer/SDKs/iPhoneOS.sdk -I/opt/theos/include -miphoneos-version-min=4.0  conftest.c >&5
configure:4033: $? = 0
configure:4033: result: yes
configure:4033: checking for stdint.h
configure:4033: gcc -c -arch armv7 -O2 -Wall -isysroot /Applications/Xcode.app/Contents/Developer/Platforms/iPhoneOS.platform/Developer/SDKs/iPhoneOS.sdk -I/opt/theos/include -miphoneos-version-min=4.0  conftest.c >&5
configure:4033: $? = 0
configure:4033: result: yes
configure:4033: checking for unistd.h
configure:4033: gcc -c -arch armv7 -O2 -Wall -isysroot /Applications/Xcode.app/Contents/Developer/Platforms/iPhoneOS.platform/Developer/SDKs/iPhoneOS.sdk -I/opt/theos/include -miphoneos-version-min=4.0  conftest.c >&5
configure:4033: $? = 0
configure:4033: result: yes
configure:4046: checking minix/config.h usability
configure:4046: gcc -c -arch armv7 -O2 -Wall -isysroot /Applications/Xcode.app/Contents/Developer/Platforms/iPhoneOS.platform/Developer/SDKs/iPhoneOS.sdk -I/opt/theos/include -miphoneos-version-min=4.0  conftest.c >&5
conftest.c:54:10: fatal error: 'minix/config.h' file not found
#include <minix/config.h>
         ^
1 error generated.
configure:4046: $? = 1
configure: failed program was:
| /* confdefs.h */
| #define PACKAGE_NAME "sshpass"
| #define PACKAGE_TARNAME "sshpass"
| #define PACKAGE_VERSION "1.05"
| #define PACKAGE_STRING "sshpass 1.05"
| #define PACKAGE_BUGREPORT ""
| #define PACKAGE_URL ""
| #define PACKAGE "sshpass"
| #define VERSION "1.05"
| #define STDC_HEADERS 1
| #define HAVE_SYS_TYPES_H 1
| #define HAVE_SYS_STAT_H 1
| #define HAVE_STDLIB_H 1
| #define HAVE_STRING_H 1
| #define HAVE_MEMORY_H 1
| #define HAVE_STRINGS_H 1
| #define HAVE_INTTYPES_H 1
| #define HAVE_STDINT_H 1
| #define HAVE_UNISTD_H 1
| /* end confdefs.h.  */
| #include <stdio.h>
| #ifdef HAVE_SYS_TYPES_H
| # include <sys/types.h>
| #endif
| #ifdef HAVE_SYS_STAT_H
| # include <sys/stat.h>
| #endif
| #ifdef STDC_HEADERS
| # include <stdlib.h>
| # include <stddef.h>
| #else
| # ifdef HAVE_STDLIB_H
| #  include <stdlib.h>
| # endif
| #endif
| #ifdef HAVE_STRING_H
| # if !defined STDC_HEADERS && defined HAVE_MEMORY_H
| #  include <memory.h>
| # endif
| # include <string.h>
| #endif
| #ifdef HAVE_STRINGS_H
| # include <strings.h>
| #endif
| #ifdef HAVE_INTTYPES_H
| # include <inttypes.h>
| #endif
| #ifdef HAVE_STDINT_H
| # include <stdint.h>
| #endif
| #ifdef HAVE_UNISTD_H
| # include <unistd.h>
| #endif
| #include <minix/config.h>
configure:4046: result: no
configure:4046: checking minix/config.h presence
configure:4046: gcc -E  conftest.c
conftest.c:21:10: fatal error: 'minix/config.h' file not found
#include <minix/config.h>
         ^
1 error generated.
configure:4046: $? = 1
configure: failed program was:
| /* confdefs.h */
| #define PACKAGE_NAME "sshpass"
| #define PACKAGE_TARNAME "sshpass"
| #define PACKAGE_VERSION "1.05"
| #define PACKAGE_STRING "sshpass 1.05"
| #define PACKAGE_BUGREPORT ""
| #define PACKAGE_URL ""
| #define PACKAGE "sshpass"
| #define VERSION "1.05"
| #define STDC_HEADERS 1
| #define HAVE_SYS_TYPES_H 1
| #define HAVE_SYS_STAT_H 1
| #define HAVE_STDLIB_H 1
| #define HAVE_STRING_H 1
| #define HAVE_MEMORY_H 1
| #define HAVE_STRINGS_H 1
| #define HAVE_INTTYPES_H 1
| #define HAVE_STDINT_H 1
| #define HAVE_UNISTD_H 1
| /* end confdefs.h.  */
| #include <minix/config.h>
configure:4046: result: no
configure:4046: checking for minix/config.h
configure:4046: result: no
configure:4067: checking whether it is safe to define __EXTENSIONS__
configure:4085: gcc -c -arch armv7 -O2 -Wall -isysroot /Applications/Xcode.app/Contents/Developer/Platforms/iPhoneOS.platform/Developer/SDKs/iPhoneOS.sdk -I/opt/theos/include -miphoneos-version-min=4.0  conftest.c >&5
configure:4085: $? = 0
configure:4092: result: yes
configure:4116: checking for armv7-apple-darwin13.0.0-gcc
configure:4143: result: gcc
configure:4412: checking for C compiler version
configure:4421: gcc --version >&5
Apple LLVM version 7.0.2 (clang-700.1.81)
Target: x86_64-apple-darwin15.3.0
Thread model: posix
Configured with: --prefix=/Applications/Xcode.app/Contents/Developer/usr --with-gxx-include-dir=/usr/include/c++/4.2.1
configure:4432: $? = 0
configure:4421: gcc -v >&5
Configured with: --prefix=/Applications/Xcode.app/Contents/Developer/usr --with-gxx-include-dir=/usr/include/c++/4.2.1
Apple LLVM version 7.0.2 (clang-700.1.81)
Target: x86_64-apple-darwin15.3.0
Thread model: posix
configure:4432: $? = 0
configure:4421: gcc -V >&5
clang: error: argument to '-V' is missing (expected 1 value)
clang: error: no input files
configure:4432: $? = 1
configure:4421: gcc -qversion >&5
clang: error: unknown argument: '-qversion'
clang: error: no input files
configure:4432: $? = 1
configure:4436: checking whether we are using the GNU C compiler
configure:4464: result: yes
configure:4473: checking whether gcc accepts -g
configure:4534: result: yes
configure:4551: checking for gcc option to accept ISO C89
configure:4628: result: none needed
configure:4650: checking dependency style of gcc
configure:4760: result: gcc3
configure:4779: checking for ANSI C header files
configure:4883: result: yes
configure:4891: checking for sys/wait.h that is POSIX.1 compatible
configure:4917: gcc -c -arch armv7 -O2 -Wall -isysroot /Applications/Xcode.app/Contents/Developer/Platforms/iPhoneOS.platform/Developer/SDKs/iPhoneOS.sdk -I/opt/theos/include -miphoneos-version-min=4.0  conftest.c >&5
configure:4917: $? = 0
configure:4924: result: yes
configure:4935: checking fcntl.h usability
configure:4935: gcc -c -arch armv7 -O2 -Wall -isysroot /Applications/Xcode.app/Contents/Developer/Platforms/iPhoneOS.platform/Developer/SDKs/iPhoneOS.sdk -I/opt/theos/include -miphoneos-version-min=4.0  conftest.c >&5
configure:4935: $? = 0
configure:4935: result: yes
configure:4935: checking fcntl.h presence
configure:4935: gcc -E  conftest.c
configure:4935: $? = 0
configure:4935: result: yes
configure:4935: checking for fcntl.h
configure:4935: result: yes
configure:4935: checking for stdlib.h
configure:4935: result: yes
configure:4935: checking for string.h
configure:4935: result: yes
configure:4935: checking sys/ioctl.h usability
configure:4935: gcc -c -arch armv7 -O2 -Wall -isysroot /Applications/Xcode.app/Contents/Developer/Platforms/iPhoneOS.platform/Developer/SDKs/iPhoneOS.sdk -I/opt/theos/include -miphoneos-version-min=4.0  conftest.c >&5
configure:4935: $? = 0
configure:4935: result: yes
configure:4935: checking sys/ioctl.h presence
configure:4935: gcc -E  conftest.c
configure:4935: $? = 0
configure:4935: result: yes
configure:4935: checking for sys/ioctl.h
configure:4935: result: yes
configure:4935: checking for unistd.h
configure:4935: result: yes
configure:4935: checking termios.h usability
configure:4935: gcc -c -arch armv7 -O2 -Wall -isysroot /Applications/Xcode.app/Contents/Developer/Platforms/iPhoneOS.platform/Developer/SDKs/iPhoneOS.sdk -I/opt/theos/include -miphoneos-version-min=4.0  conftest.c >&5
configure:4935: $? = 0
configure:4935: result: yes
configure:4935: checking termios.h presence
configure:4935: gcc -E  conftest.c
configure:4935: $? = 0
configure:4935: result: yes
configure:4935: checking for termios.h
configure:4935: result: yes
configure:4947: checking for an ANSI C-conforming const
configure:5012: gcc -c -arch armv7 -O2 -Wall -isysroot /Applications/Xcode.app/Contents/Developer/Platforms/iPhoneOS.platform/Developer/SDKs/iPhoneOS.sdk -I/opt/theos/include -miphoneos-version-min=4.0  conftest.c >&5
conftest.c:79:18: warning: variable 'b' is uninitialized when used here [-Wuninitialized]
    struct s *b; b->j = 5;
                 ^
conftest.c:79:16: note: initialize the variable 'b' to silence this warning
    struct s *b; b->j = 5;
               ^
                = 0
conftest.c:63:6: warning: variable 't' is uninitialized when used here [-Wuninitialized]
    *t++ = 0;
     ^
conftest.c:60:12: note: initialize the variable 't' to silence this warning
    char *t;
           ^
            = 0
2 warnings generated.
configure:5012: $? = 0
configure:5019: result: yes
configure:5027: checking for pid_t
configure:5027: gcc -c -arch armv7 -O2 -Wall -isysroot /Applications/Xcode.app/Contents/Developer/Platforms/iPhoneOS.platform/Developer/SDKs/iPhoneOS.sdk -I/opt/theos/include -miphoneos-version-min=4.0  conftest.c >&5
configure:5027: $? = 0
configure:5027: gcc -c -arch armv7 -O2 -Wall -isysroot /Applications/Xcode.app/Contents/Developer/Platforms/iPhoneOS.platform/Developer/SDKs/iPhoneOS.sdk -I/opt/theos/include -miphoneos-version-min=4.0  conftest.c >&5
conftest.c:70:20: error: expected expression
if (sizeof ((pid_t)))
                   ^
1 error generated.
configure:5027: $? = 1
configure: failed program was:
| /* confdefs.h */
| #define PACKAGE_NAME "sshpass"
| #define PACKAGE_TARNAME "sshpass"
| #define PACKAGE_VERSION "1.05"
| #define PACKAGE_STRING "sshpass 1.05"
| #define PACKAGE_BUGREPORT ""
| #define PACKAGE_URL ""
| #define PACKAGE "sshpass"
| #define VERSION "1.05"
| #define STDC_HEADERS 1
| #define HAVE_SYS_TYPES_H 1
| #define HAVE_SYS_STAT_H 1
| #define HAVE_STDLIB_H 1
| #define HAVE_STRING_H 1
| #define HAVE_MEMORY_H 1
| #define HAVE_STRINGS_H 1
| #define HAVE_INTTYPES_H 1
| #define HAVE_STDINT_H 1
| #define HAVE_UNISTD_H 1
| #define __EXTENSIONS__ 1
| #define _ALL_SOURCE 1
| #define _GNU_SOURCE 1
| #define _POSIX_PTHREAD_SEMANTICS 1
| #define _TANDEM_SOURCE 1
| #define STDC_HEADERS 1
| #define HAVE_SYS_WAIT_H 1
| #define HAVE_FCNTL_H 1
| #define HAVE_STDLIB_H 1
| #define HAVE_STRING_H 1
| #define HAVE_SYS_IOCTL_H 1
| #define HAVE_UNISTD_H 1
| #define HAVE_TERMIOS_H 1
| /* end confdefs.h.  */
| #include <stdio.h>
| #ifdef HAVE_SYS_TYPES_H
| # include <sys/types.h>
| #endif
| #ifdef HAVE_SYS_STAT_H
| # include <sys/stat.h>
| #endif
| #ifdef STDC_HEADERS
| # include <stdlib.h>
| # include <stddef.h>
| #else
| # ifdef HAVE_STDLIB_H
| #  include <stdlib.h>
| # endif
| #endif
| #ifdef HAVE_STRING_H
| # if !defined STDC_HEADERS && defined HAVE_MEMORY_H
| #  include <memory.h>
| # endif
| # include <string.h>
| #endif
| #ifdef HAVE_STRINGS_H
| # include <strings.h>
| #endif
| #ifdef HAVE_INTTYPES_H
| # include <inttypes.h>
| #endif
| #ifdef HAVE_STDINT_H
| # include <stdint.h>
| #endif
| #ifdef HAVE_UNISTD_H
| # include <unistd.h>
| #endif
| int
| main ()
| {
| if (sizeof ((pid_t)))
| 	    return 0;
|   ;
|   return 0;
| }
configure:5027: result: yes
configure:5038: checking for ssize_t
configure:5038: gcc -c -arch armv7 -O2 -Wall -isysroot /Applications/Xcode.app/Contents/Developer/Platforms/iPhoneOS.platform/Developer/SDKs/iPhoneOS.sdk -I/opt/theos/include -miphoneos-version-min=4.0  conftest.c >&5
configure:5038: $? = 0
configure:5038: gcc -c -arch armv7 -O2 -Wall -isysroot /Applications/Xcode.app/Contents/Developer/Platforms/iPhoneOS.platform/Developer/SDKs/iPhoneOS.sdk -I/opt/theos/include -miphoneos-version-min=4.0  conftest.c >&5
conftest.c:70:22: error: expected expression
if (sizeof ((ssize_t)))
                     ^
1 error generated.
configure:5038: $? = 1
configure: failed program was:
| /* confdefs.h */
| #define PACKAGE_NAME "sshpass"
| #define PACKAGE_TARNAME "sshpass"
| #define PACKAGE_VERSION "1.05"
| #define PACKAGE_STRING "sshpass 1.05"
| #define PACKAGE_BUGREPORT ""
| #define PACKAGE_URL ""
| #define PACKAGE "sshpass"
| #define VERSION "1.05"
| #define STDC_HEADERS 1
| #define HAVE_SYS_TYPES_H 1
| #define HAVE_SYS_STAT_H 1
| #define HAVE_STDLIB_H 1
| #define HAVE_STRING_H 1
| #define HAVE_MEMORY_H 1
| #define HAVE_STRINGS_H 1
| #define HAVE_INTTYPES_H 1
| #define HAVE_STDINT_H 1
| #define HAVE_UNISTD_H 1
| #define __EXTENSIONS__ 1
| #define _ALL_SOURCE 1
| #define _GNU_SOURCE 1
| #define _POSIX_PTHREAD_SEMANTICS 1
| #define _TANDEM_SOURCE 1
| #define STDC_HEADERS 1
| #define HAVE_SYS_WAIT_H 1
| #define HAVE_FCNTL_H 1
| #define HAVE_STDLIB_H 1
| #define HAVE_STRING_H 1
| #define HAVE_SYS_IOCTL_H 1
| #define HAVE_UNISTD_H 1
| #define HAVE_TERMIOS_H 1
| /* end confdefs.h.  */
| #include <stdio.h>
| #ifdef HAVE_SYS_TYPES_H
| # include <sys/types.h>
| #endif
| #ifdef HAVE_SYS_STAT_H
| # include <sys/stat.h>
| #endif
| #ifdef STDC_HEADERS
| # include <stdlib.h>
| # include <stddef.h>
| #else
| # ifdef HAVE_STDLIB_H
| #  include <stdlib.h>
| # endif
| #endif
| #ifdef HAVE_STRING_H
| # if !defined STDC_HEADERS && defined HAVE_MEMORY_H
| #  include <memory.h>
| # endif
| # include <string.h>
| #endif
| #ifdef HAVE_STRINGS_H
| # include <strings.h>
| #endif
| #ifdef HAVE_INTTYPES_H
| # include <inttypes.h>
| #endif
| #ifdef HAVE_STDINT_H
| # include <stdint.h>
| #endif
| #ifdef HAVE_UNISTD_H
| # include <unistd.h>
| #endif
| int
| main ()
| {
| if (sizeof ((ssize_t)))
| 	    return 0;
|   ;
|   return 0;
| }
configure:5038: result: yes
configure:5053: checking vfork.h usability
configure:5053: gcc -c -arch armv7 -O2 -Wall -isysroot /Applications/Xcode.app/Contents/Developer/Platforms/iPhoneOS.platform/Developer/SDKs/iPhoneOS.sdk -I/opt/theos/include -miphoneos-version-min=4.0  conftest.c >&5
conftest.c:67:10: fatal error: 'vfork.h' file not found
#include <vfork.h>
         ^
1 error generated.
configure:5053: $? = 1
configure: failed program was:
| /* confdefs.h */
| #define PACKAGE_NAME "sshpass"
| #define PACKAGE_TARNAME "sshpass"
| #define PACKAGE_VERSION "1.05"
| #define PACKAGE_STRING "sshpass 1.05"
| #define PACKAGE_BUGREPORT ""
| #define PACKAGE_URL ""
| #define PACKAGE "sshpass"
| #define VERSION "1.05"
| #define STDC_HEADERS 1
| #define HAVE_SYS_TYPES_H 1
| #define HAVE_SYS_STAT_H 1
| #define HAVE_STDLIB_H 1
| #define HAVE_STRING_H 1
| #define HAVE_MEMORY_H 1
| #define HAVE_STRINGS_H 1
| #define HAVE_INTTYPES_H 1
| #define HAVE_STDINT_H 1
| #define HAVE_UNISTD_H 1
| #define __EXTENSIONS__ 1
| #define _ALL_SOURCE 1
| #define _GNU_SOURCE 1
| #define _POSIX_PTHREAD_SEMANTICS 1
| #define _TANDEM_SOURCE 1
| #define STDC_HEADERS 1
| #define HAVE_SYS_WAIT_H 1
| #define HAVE_FCNTL_H 1
| #define HAVE_STDLIB_H 1
| #define HAVE_STRING_H 1
| #define HAVE_SYS_IOCTL_H 1
| #define HAVE_UNISTD_H 1
| #define HAVE_TERMIOS_H 1
| /* end confdefs.h.  */
| #include <stdio.h>
| #ifdef HAVE_SYS_TYPES_H
| # include <sys/types.h>
| #endif
| #ifdef HAVE_SYS_STAT_H
| # include <sys/stat.h>
| #endif
| #ifdef STDC_HEADERS
| # include <stdlib.h>
| # include <stddef.h>
| #else
| # ifdef HAVE_STDLIB_H
| #  include <stdlib.h>
| # endif
| #endif
| #ifdef HAVE_STRING_H
| # if !defined STDC_HEADERS && defined HAVE_MEMORY_H
| #  include <memory.h>
| # endif
| # include <string.h>
| #endif
| #ifdef HAVE_STRINGS_H
| # include <strings.h>
| #endif
| #ifdef HAVE_INTTYPES_H
| # include <inttypes.h>
| #endif
| #ifdef HAVE_STDINT_H
| # include <stdint.h>
| #endif
| #ifdef HAVE_UNISTD_H
| # include <unistd.h>
| #endif
| #include <vfork.h>
configure:5053: result: no
configure:5053: checking vfork.h presence
configure:5053: gcc -E  conftest.c
conftest.c:34:10: fatal error: 'vfork.h' file not found
#include <vfork.h>
         ^
1 error generated.
configure:5053: $? = 1
configure: failed program was:
| /* confdefs.h */
| #define PACKAGE_NAME "sshpass"
| #define PACKAGE_TARNAME "sshpass"
| #define PACKAGE_VERSION "1.05"
| #define PACKAGE_STRING "sshpass 1.05"
| #define PACKAGE_BUGREPORT ""
| #define PACKAGE_URL ""
| #define PACKAGE "sshpass"
| #define VERSION "1.05"
| #define STDC_HEADERS 1
| #define HAVE_SYS_TYPES_H 1
| #define HAVE_SYS_STAT_H 1
| #define HAVE_STDLIB_H 1
| #define HAVE_STRING_H 1
| #define HAVE_MEMORY_H 1
| #define HAVE_STRINGS_H 1
| #define HAVE_INTTYPES_H 1
| #define HAVE_STDINT_H 1
| #define HAVE_UNISTD_H 1
| #define __EXTENSIONS__ 1
| #define _ALL_SOURCE 1
| #define _GNU_SOURCE 1
| #define _POSIX_PTHREAD_SEMANTICS 1
| #define _TANDEM_SOURCE 1
| #define STDC_HEADERS 1
| #define HAVE_SYS_WAIT_H 1
| #define HAVE_FCNTL_H 1
| #define HAVE_STDLIB_H 1
| #define HAVE_STRING_H 1
| #define HAVE_SYS_IOCTL_H 1
| #define HAVE_UNISTD_H 1
| #define HAVE_TERMIOS_H 1
| /* end confdefs.h.  */
| #include <vfork.h>
configure:5053: result: no
configure:5053: checking for vfork.h
configure:5053: result: no
configure:5066: checking for fork
configure:5066: gcc -o conftest -arch armv7 -O2 -Wall -isysroot /Applications/Xcode.app/Contents/Developer/Platforms/iPhoneOS.platform/Developer/SDKs/iPhoneOS.sdk -I/opt/theos/include -miphoneos-version-min=4.0  -arch armv7 -miphoneos-version-min=4.0 conftest.c  >&5
configure:5066: $? = 0
configure:5066: result: yes
configure:5066: checking for vfork
configure:5066: gcc -o conftest -arch armv7 -O2 -Wall -isysroot /Applications/Xcode.app/Contents/Developer/Platforms/iPhoneOS.platform/Developer/SDKs/iPhoneOS.sdk -I/opt/theos/include -miphoneos-version-min=4.0  -arch armv7 -miphoneos-version-min=4.0 conftest.c  >&5
conftest.c:58:6: warning: incompatible redeclaration of library function 'vfork' [-Wincompatible-library-redeclaration]
char vfork ();
     ^
conftest.c:58:6: note: 'vfork' is a builtin with type 'int (void)'
1 warning generated.
configure:5066: $? = 0
configure:5066: result: yes
configure:5076: checking for working fork
configure:5108: result: cross
configure:5124: WARNING: result yes guessed because of cross compilation
configure:5129: checking for working vfork
configure:5239: result: yes
configure:5265: checking whether gcc needs -traditional
conftest.c:38:10: fatal error: 'termio.h' file not found
#include <termio.h>
         ^
1 error generated.
configure:5299: result: no
configure:5308: checking for stdlib.h
configure:5308: result: yes
configure:5318: checking for GNU libc compatible malloc
configure:5352: result: no
configure:5376: checking sys/select.h usability
configure:5376: gcc -c -arch armv7 -O2 -Wall -isysroot /Applications/Xcode.app/Contents/Developer/Platforms/iPhoneOS.platform/Developer/SDKs/iPhoneOS.sdk -I/opt/theos/include -miphoneos-version-min=4.0  conftest.c >&5
configure:5376: $? = 0
configure:5376: result: yes
configure:5376: checking sys/select.h presence
configure:5376: gcc -E  conftest.c
configure:5376: $? = 0
configure:5376: result: yes
configure:5376: checking for sys/select.h
configure:5376: result: yes
configure:5376: checking sys/socket.h usability
configure:5376: gcc -c -arch armv7 -O2 -Wall -isysroot /Applications/Xcode.app/Contents/Developer/Platforms/iPhoneOS.platform/Developer/SDKs/iPhoneOS.sdk -I/opt/theos/include -miphoneos-version-min=4.0  conftest.c >&5
configure:5376: $? = 0
configure:5376: result: yes
configure:5376: checking sys/socket.h presence
configure:5376: gcc -E  conftest.c
configure:5376: $? = 0
configure:5376: result: yes
configure:5376: checking for sys/socket.h
configure:5376: result: yes
configure:5386: checking types of arguments for select
configure:5414: gcc -c -arch armv7 -O2 -Wall -isysroot /Applications/Xcode.app/Contents/Developer/Platforms/iPhoneOS.platform/Developer/SDKs/iPhoneOS.sdk -I/opt/theos/include -miphoneos-version-min=4.0  conftest.c >&5
configure:5414: $? = 0
configure:5425: result: int,fd_set *,struct timeval *
configure:5448: checking return type of signal handlers
configure:5466: gcc -c -arch armv7 -O2 -Wall -isysroot /Applications/Xcode.app/Contents/Developer/Platforms/iPhoneOS.platform/Developer/SDKs/iPhoneOS.sdk -I/opt/theos/include -miphoneos-version-min=4.0  conftest.c >&5
conftest.c:52:8: error: indirection requires pointer operand ('void' invalid)
return *(signal (0, 0)) (0) == 1;
       ^~~~~~~~~~~~~~~~~~~~
1 error generated.
configure:5466: $? = 1
configure: failed program was:
| /* confdefs.h */
| #define PACKAGE_NAME "sshpass"
| #define PACKAGE_TARNAME "sshpass"
| #define PACKAGE_VERSION "1.05"
| #define PACKAGE_STRING "sshpass 1.05"
| #define PACKAGE_BUGREPORT ""
| #define PACKAGE_URL ""
| #define PACKAGE "sshpass"
| #define VERSION "1.05"
| #define STDC_HEADERS 1
| #define HAVE_SYS_TYPES_H 1
| #define HAVE_SYS_STAT_H 1
| #define HAVE_STDLIB_H 1
| #define HAVE_STRING_H 1
| #define HAVE_MEMORY_H 1
| #define HAVE_STRINGS_H 1
| #define HAVE_INTTYPES_H 1
| #define HAVE_STDINT_H 1
| #define HAVE_UNISTD_H 1
| #define __EXTENSIONS__ 1
| #define _ALL_SOURCE 1
| #define _GNU_SOURCE 1
| #define _POSIX_PTHREAD_SEMANTICS 1
| #define _TANDEM_SOURCE 1
| #define STDC_HEADERS 1
| #define HAVE_SYS_WAIT_H 1
| #define HAVE_FCNTL_H 1
| #define HAVE_STDLIB_H 1
| #define HAVE_STRING_H 1
| #define HAVE_SYS_IOCTL_H 1
| #define HAVE_UNISTD_H 1
| #define HAVE_TERMIOS_H 1
| #define HAVE_FORK 1
| #define HAVE_VFORK 1
| #define HAVE_WORKING_VFORK 1
| #define HAVE_WORKING_FORK 1
| #define HAVE_STDLIB_H 1
| #define HAVE_MALLOC 0
| #define malloc rpl_malloc
| #define HAVE_SYS_SELECT_H 1
| #define HAVE_SYS_SOCKET_H 1
| #define SELECT_TYPE_ARG1 int
| #define SELECT_TYPE_ARG234 (fd_set *)
| #define SELECT_TYPE_ARG5 (struct timeval *)
| /* end confdefs.h.  */
| #include <sys/types.h>
| #include <signal.h>
| 
| int
| main ()
| {
| return *(signal (0, 0)) (0) == 1;
|   ;
|   return 0;
| }
configure:5473: result: void
configure:5484: checking for select
configure:5484: gcc -o conftest -arch armv7 -O2 -Wall -isysroot /Applications/Xcode.app/Contents/Developer/Platforms/iPhoneOS.platform/Developer/SDKs/iPhoneOS.sdk -I/opt/theos/include -miphoneos-version-min=4.0  -arch armv7 -miphoneos-version-min=4.0 conftest.c  >&5
configure:5484: $? = 0
configure:5484: result: yes
configure:5484: checking for posix_openpt
configure:5484: gcc -o conftest -arch armv7 -O2 -Wall -isysroot /Applications/Xcode.app/Contents/Developer/Platforms/iPhoneOS.platform/Developer/SDKs/iPhoneOS.sdk -I/opt/theos/include -miphoneos-version-min=4.0  -arch armv7 -miphoneos-version-min=4.0 conftest.c  >&5
configure:5484: $? = 0
configure:5484: result: yes
configure:5484: checking for strdup
configure:5484: gcc -o conftest -arch armv7 -O2 -Wall -isysroot /Applications/Xcode.app/Contents/Developer/Platforms/iPhoneOS.platform/Developer/SDKs/iPhoneOS.sdk -I/opt/theos/include -miphoneos-version-min=4.0  -arch armv7 -miphoneos-version-min=4.0 conftest.c  >&5
conftest.c:72:6: warning: incompatible redeclaration of library function 'strdup' [-Wincompatible-library-redeclaration]
char strdup ();
     ^
conftest.c:72:6: note: 'strdup' is a builtin with type 'char *(const char *)'
1 warning generated.
configure:5484: $? = 0
configure:5484: result: yes
configure:5621: creating ./config.status

## ---------------------- ##
## Running config.status. ##
## ---------------------- ##

This file was extended by sshpass config.status 1.05, which was
generated by GNU Autoconf 2.67.  Invocation command line was

  CONFIG_FILES    = 
  CONFIG_HEADERS  = 
  CONFIG_LINKS    = 
  CONFIG_COMMANDS = 
  $ ./config.status 

on ZhengMac.local

config.status:886: creating Makefile
config.status:886: creating config.h
config.status:1066: config.h is unchanged
config.status:1114: executing depfiles commands

## ---------------- ##
## Cache variables. ##
## ---------------- ##

ac_cv_c_compiler_gnu=yes
ac_cv_c_const=yes
ac_cv_env_CC_set=
ac_cv_env_CC_value=
ac_cv_env_CFLAGS_set=set
ac_cv_env_CFLAGS_value='-arch armv7 -O2 -Wall -isysroot /Applications/Xcode.app/Contents/Developer/Platforms/iPhoneOS.platform/Developer/SDKs/iPhoneOS.sdk -I/opt/theos/include -miphoneos-version-min=4.0'
ac_cv_env_CPPFLAGS_set=
ac_cv_env_CPPFLAGS_value=
ac_cv_env_CPP_set=
ac_cv_env_CPP_value=
ac_cv_env_LDFLAGS_set=set
ac_cv_env_LDFLAGS_value='-arch armv7 -miphoneos-version-min=4.0'
ac_cv_env_LIBS_set=
ac_cv_env_LIBS_value=
ac_cv_env_build_alias_set=set
ac_cv_env_build_alias_value=x86_64-apple-darwin13.0.0
ac_cv_env_host_alias_set=set
ac_cv_env_host_alias_value=armv7-apple-darwin13.0.0
ac_cv_env_target_alias_set=
ac_cv_env_target_alias_value=
ac_cv_func_fork=yes
ac_cv_func_fork_works=yes
ac_cv_func_malloc_0_nonnull=no
ac_cv_func_posix_openpt=yes
ac_cv_func_select=yes
ac_cv_func_select_args='int,fd_set *,struct timeval *'
ac_cv_func_strdup=yes
ac_cv_func_vfork=yes
ac_cv_func_vfork_works=yes
ac_cv_header_fcntl_h=yes
ac_cv_header_inttypes_h=yes
ac_cv_header_memory_h=yes
ac_cv_header_minix_config_h=no
ac_cv_header_stdc=yes
ac_cv_header_stdint_h=yes
ac_cv_header_stdlib_h=yes
ac_cv_header_string_h=yes
ac_cv_header_strings_h=yes
ac_cv_header_sys_ioctl_h=yes
ac_cv_header_sys_select_h=yes
ac_cv_header_sys_socket_h=yes
ac_cv_header_sys_stat_h=yes
ac_cv_header_sys_types_h=yes
ac_cv_header_sys_wait_h=yes
ac_cv_header_termios_h=yes
ac_cv_header_unistd_h=yes
ac_cv_header_vfork_h=no
ac_cv_objext=o
ac_cv_path_EGREP='/usr/bin/grep -E'
ac_cv_path_GREP=/usr/bin/grep
ac_cv_path_install='/opt/local/bin/ginstall -c'
ac_cv_path_mkdir=/opt/local/bin/gmkdir
ac_cv_prog_AWK=gawk
ac_cv_prog_CC=gcc
ac_cv_prog_CPP='gcc -E'
ac_cv_prog_ac_ct_CC=gcc
ac_cv_prog_ac_ct_STRIP=strip
ac_cv_prog_cc_c89=
ac_cv_prog_cc_g=yes
ac_cv_prog_gcc_traditional=no
ac_cv_prog_make_make_set=yes
ac_cv_safe_to_define___extensions__=yes
ac_cv_type_pid_t=yes
ac_cv_type_signal=void
ac_cv_type_ssize_t=yes
am_cv_CC_dependencies_compiler_type=gcc3

## ----------------- ##
## Output variables. ##
## ----------------- ##

ACLOCAL='${SHELL} "/Users/Zheng/Desktop/sshpass-1.05 2/missing" --run aclocal-1.11'
AMDEPBACKSLASH='\'
AMDEP_FALSE='#'
AMDEP_TRUE=''
AMTAR='${SHELL} "/Users/Zheng/Desktop/sshpass-1.05 2/missing" --run tar'
AUTOCONF='${SHELL} "/Users/Zheng/Desktop/sshpass-1.05 2/missing" --run autoconf'
AUTOHEADER='${SHELL} "/Users/Zheng/Desktop/sshpass-1.05 2/missing" --run autoheader'
AUTOMAKE='${SHELL} "/Users/Zheng/Desktop/sshpass-1.05 2/missing" --run automake-1.11'
AWK='gawk'
CC='gcc'
CCDEPMODE='depmode=gcc3'
CFLAGS='-arch armv7 -O2 -Wall -isysroot /Applications/Xcode.app/Contents/Developer/Platforms/iPhoneOS.platform/Developer/SDKs/iPhoneOS.sdk -I/opt/theos/include -miphoneos-version-min=4.0'
CPP='gcc -E'
CPPFLAGS=''
CYGPATH_W='echo'
DEFS='-DHAVE_CONFIG_H'
DEPDIR='.deps'
ECHO_C='\c'
ECHO_N=''
ECHO_T=''
EGREP='/usr/bin/grep -E'
EXEEXT=''
GREP='/usr/bin/grep'
INSTALL_DATA='${INSTALL} -m 644'
INSTALL_PROGRAM='${INSTALL}'
INSTALL_SCRIPT='${INSTALL}'
INSTALL_STRIP_PROGRAM='$(install_sh) -c -s'
LDFLAGS='-arch armv7 -miphoneos-version-min=4.0'
LIBOBJS=' ${LIBOBJDIR}malloc$U.o'
LIBS=''
LTLIBOBJS=' ${LIBOBJDIR}malloc$U.lo'
MAKEINFO='${SHELL} "/Users/Zheng/Desktop/sshpass-1.05 2/missing" --run makeinfo'
MKDIR_P='/opt/local/bin/gmkdir -p'
OBJEXT='o'
PACKAGE='sshpass'
PACKAGE_BUGREPORT=''
PACKAGE_NAME='sshpass'
PACKAGE_STRING='sshpass 1.05'
PACKAGE_TARNAME='sshpass'
PACKAGE_URL=''
PACKAGE_VERSION='1.05'
PATH_SEPARATOR=':'
SET_MAKE=''
SHELL='/bin/sh'
STRIP='strip'
VERSION='1.05'
ac_ct_CC='gcc'
am__EXEEXT_FALSE=''
am__EXEEXT_TRUE='#'
am__fastdepCC_FALSE='#'
am__fastdepCC_TRUE=''
am__include='include'
am__isrc=''
am__leading_dot='.'
am__quote=''
am__tar='${AMTAR} chof - "$$tardir"'
am__untar='${AMTAR} xf -'
bindir='${exec_prefix}/bin'
build_alias='x86_64-apple-darwin13.0.0'
datadir='${datarootdir}'
datarootdir='${prefix}/share'
docdir='${datarootdir}/doc/${PACKAGE_TARNAME}'
dvidir='${docdir}'
exec_prefix='${prefix}'
host_alias='armv7-apple-darwin13.0.0'
htmldir='${docdir}'
includedir='${prefix}/include'
infodir='${datarootdir}/info'
install_sh='${SHELL} '\''/Users/Zheng/Desktop/sshpass-1.05 2/install-sh'\'''
libdir='${exec_prefix}/lib'
libexecdir='${exec_prefix}/libexec'
localedir='${datarootdir}/locale'
localstatedir='${prefix}/var'
mandir='${datarootdir}/man'
mkdir_p='/opt/local/bin/gmkdir -p'
oldincludedir='/usr/include'
pdfdir='${docdir}'
prefix='/usr/local'
program_transform_name='s,x,x,'
psdir='${docdir}'
sbindir='${exec_prefix}/sbin'
sharedstatedir='${prefix}/com'
sysconfdir='${prefix}/etc'
target_alias=''

## ----------- ##
## confdefs.h. ##
## ----------- ##

/* confdefs.h */
#define PACKAGE_NAME "sshpass"
#define PACKAGE_TARNAME "sshpass"
#define PACKAGE_VERSION "1.05"
#define PACKAGE_STRING "sshpass 1.05"
#define PACKAGE_BUGREPORT ""
#define PACKAGE_URL ""
#define PACKAGE "sshpass"
#define VERSION "1.05"
#define STDC_HEADERS 1
#define HAVE_SYS_TYPES_H 1
#define HAVE_SYS_STAT_H 1
#define HAVE_STDLIB_H 1
#define HAVE_STRING_H 1
#define HAVE_MEMORY_H 1
#define HAVE_STRINGS_H 1
#define HAVE_INTTYPES_H 1
#define HAVE_STDINT_H 1
#define HAVE_UNISTD_H 1
#define __EXTENSIONS__ 1
#define _ALL_SOURCE 1
#define _GNU_SOURCE 1
#define _POSIX_PTHREAD_SEMANTICS 1
#define _TANDEM_SOURCE 1
#define STDC_HEADERS 1
#define HAVE_SYS_WAIT_H 1
#define HAVE_FCNTL_H 1
#define HAVE_STDLIB_H 1
#define HAVE_STRING_H 1
#define HAVE_SYS_IOCTL_H 1
#define HAVE_UNISTD_H 1
#define HAVE_TERMIOS_H 1
#define HAVE_FORK 1
#define HAVE_VFORK 1
#define HAVE_WORKING_VFORK 1
#define HAVE_WORKING_FORK 1
#define HAVE_STDLIB_H 1
#define HAVE_MALLOC 0
#define malloc rpl_malloc
#define HAVE_SYS_SELECT_H 1
#define HAVE_SYS_SOCKET_H 1
#define SELECT_TYPE_ARG1 int
#define SELECT_TYPE_ARG234 (fd_set *)
#define SELECT_TYPE_ARG5 (struct timeval *)
#define RETSIGTYPE void
#define HAVE_SELECT 1
#define HAVE_POSIX_OPENPT 1
#define HAVE_STRDUP 1

configure: exit 0
